This is pdfTeX, Version 3.14159265-2.6-1.40.19 (TeX Live 2018) (preloaded format=pdflatex 2018.8.23)  3 DEC 2018 10:38
entering extended mode
 restricted \write18 enabled.
 %&-line parsing enabled.
**/home/joel/Desktop/captcha-breaker/tex/main.tex
(/home/joel/Desktop/captcha-breaker/tex/main.tex
LaTeX2e <2018-04-01> patch level 5
(/usr/local/texlive/2018/texmf-dist/tex/latex/base/article.cls
Document Class: article 2014/09/29 v1.4h Standard LaTeX document class
(/usr/local/texlive/2018/texmf-dist/tex/latex/base/size10.clo
File: size10.clo 2014/09/29 v1.4h Standard LaTeX file (size option)
)
\c@part=\count80
\c@section=\count81
\c@subsection=\count82
\c@subsubsection=\count83
\c@paragraph=\count84
\c@subparagraph=\count85
\c@figure=\count86
\c@table=\count87
\abovecaptionskip=\skip41
\belowcaptionskip=\skip42
\bibindent=\dimen102
)
(/usr/local/texlive/2018/texmf-dist/tex/latex/geometry/geometry.sty
Package: geometry 2018/04/16 v5.8 Page Geometry

(/usr/local/texlive/2018/texmf-dist/tex/latex/graphics/keyval.sty
Package: keyval 2014/10/28 v1.15 key=value parser (DPC)
\KV@toks@=\toks14
)
(/usr/local/texlive/2018/texmf-dist/tex/generic/oberdiek/ifpdf.sty
Package: ifpdf 2017/03/15 v3.2 Provides the ifpdf switch
)
(/usr/local/texlive/2018/texmf-dist/tex/generic/oberdiek/ifvtex.sty
Package: ifvtex 2016/05/16 v1.6 Detect VTeX and its facilities (HO)
Package ifvtex Info: VTeX not detected.
)
(/usr/local/texlive/2018/texmf-dist/tex/generic/ifxetex/ifxetex.sty
Package: ifxetex 2010/09/12 v0.6 Provides ifxetex conditional
)
\Gm@cnth=\count88
\Gm@cntv=\count89
\c@Gm@tempcnt=\count90
\Gm@bindingoffset=\dimen103
\Gm@wd@mp=\dimen104
\Gm@odd@mp=\dimen105
\Gm@even@mp=\dimen106
\Gm@layoutwidth=\dimen107
\Gm@layoutheight=\dimen108
\Gm@layouthoffset=\dimen109
\Gm@layoutvoffset=\dimen110
\Gm@dimlist=\toks15
)
(/usr/local/texlive/2018/texmf-dist/tex/latex/amsmath/amsmath.sty
Package: amsmath 2017/09/02 v2.17a AMS math features
\@mathmargin=\skip43

For additional information on amsmath, use the `?' option.
(/usr/local/texlive/2018/texmf-dist/tex/latex/amsmath/amstext.sty
Package: amstext 2000/06/29 v2.01 AMS text

(/usr/local/texlive/2018/texmf-dist/tex/latex/amsmath/amsgen.sty
File: amsgen.sty 1999/11/30 v2.0 generic functions
\@emptytoks=\toks16
\ex@=\dimen111
))
(/usr/local/texlive/2018/texmf-dist/tex/latex/amsmath/amsbsy.sty
Package: amsbsy 1999/11/29 v1.2d Bold Symbols
\pmbraise@=\dimen112
)
(/usr/local/texlive/2018/texmf-dist/tex/latex/amsmath/amsopn.sty
Package: amsopn 2016/03/08 v2.02 operator names
)
\inf@bad=\count91
LaTeX Info: Redefining \frac on input line 213.
\uproot@=\count92
\leftroot@=\count93
LaTeX Info: Redefining \overline on input line 375.
\classnum@=\count94
\DOTSCASE@=\count95
LaTeX Info: Redefining \ldots on input line 472.
LaTeX Info: Redefining \dots on input line 475.
LaTeX Info: Redefining \cdots on input line 596.
\Mathstrutbox@=\box26
\strutbox@=\box27
\big@size=\dimen113
LaTeX Font Info:    Redeclaring font encoding OML on input line 712.
LaTeX Font Info:    Redeclaring font encoding OMS on input line 713.
\macc@depth=\count96
\c@MaxMatrixCols=\count97
\dotsspace@=\muskip10
\c@parentequation=\count98
\dspbrk@lvl=\count99
\tag@help=\toks17
\row@=\count100
\column@=\count101
\maxfields@=\count102
\andhelp@=\toks18
\eqnshift@=\dimen114
\alignsep@=\dimen115
\tagshift@=\dimen116
\tagwidth@=\dimen117
\totwidth@=\dimen118
\lineht@=\dimen119
\@envbody=\toks19
\multlinegap=\skip44
\multlinetaggap=\skip45
\mathdisplay@stack=\toks20
LaTeX Info: Redefining \[ on input line 2817.
LaTeX Info: Redefining \] on input line 2818.
)
(/usr/local/texlive/2018/texmf-dist/tex/latex/amsfonts/amssymb.sty
Package: amssymb 2013/01/14 v3.01 AMS font symbols

(/usr/local/texlive/2018/texmf-dist/tex/latex/amsfonts/amsfonts.sty
Package: amsfonts 2013/01/14 v3.01 Basic AMSFonts support
\symAMSa=\mathgroup4
\symAMSb=\mathgroup5
LaTeX Font Info:    Overwriting math alphabet `\mathfrak' in version `bold'
(Font)                  U/euf/m/n --> U/euf/b/n on input line 106.
))
(/usr/local/texlive/2018/texmf-dist/tex/latex/listings/listings.sty
\lst@mode=\count103
\lst@gtempboxa=\box28
\lst@token=\toks21
\lst@length=\count104
\lst@currlwidth=\dimen120
\lst@column=\count105
\lst@pos=\count106
\lst@lostspace=\dimen121
\lst@width=\dimen122
\lst@newlines=\count107
\lst@lineno=\count108
\lst@maxwidth=\dimen123

(/usr/local/texlive/2018/texmf-dist/tex/latex/listings/lstmisc.sty
File: lstmisc.sty 2018/09/02 1.7 (Carsten Heinz)
\c@lstnumber=\count109
\lst@skipnumbers=\count110
\lst@framebox=\box29
)
(/usr/local/texlive/2018/texmf-dist/tex/latex/listings/listings.cfg
File: listings.cfg 2018/09/02 1.7 listings configuration
))
Package: listings 2018/09/02 1.7 (Carsten Heinz)

(/usr/local/texlive/2018/texmf-dist/tex/latex/graphics/color.sty
Package: color 2016/07/10 v1.1e Standard LaTeX Color (DPC)

(/usr/local/texlive/2018/texmf-dist/tex/latex/graphics-cfg/color.cfg
File: color.cfg 2016/01/02 v1.6 sample color configuration
)
Package color Info: Driver file: pdftex.def on input line 147.

(/usr/local/texlive/2018/texmf-dist/tex/latex/graphics-def/pdftex.def
File: pdftex.def 2018/01/08 v1.0l Graphics/color driver for pdftex
))
(/usr/local/texlive/2018/texmf-dist/tex/latex/graphics/graphicx.sty
Package: graphicx 2017/06/01 v1.1a Enhanced LaTeX Graphics (DPC,SPQR)

(/usr/local/texlive/2018/texmf-dist/tex/latex/graphics/graphics.sty
Package: graphics 2017/06/25 v1.2c Standard LaTeX Graphics (DPC,SPQR)

(/usr/local/texlive/2018/texmf-dist/tex/latex/graphics/trig.sty
Package: trig 2016/01/03 v1.10 sin cos tan (DPC)
)
(/usr/local/texlive/2018/texmf-dist/tex/latex/graphics-cfg/graphics.cfg
File: graphics.cfg 2016/06/04 v1.11 sample graphics configuration
)
Package graphics Info: Driver file: pdftex.def on input line 99.
)
\Gin@req@height=\dimen124
\Gin@req@width=\dimen125
)
(/usr/local/texlive/2018/texmf-dist/tex/latex/caption/caption.sty
Package: caption 2018/10/06 v3.3-154 Customizing captions (AR)

(/usr/local/texlive/2018/texmf-dist/tex/latex/caption/caption3.sty
Package: caption3 2018/09/12 v1.8c caption3 kernel (AR)
Package caption3 Info: TeX engine: e-TeX on input line 64.
\captionmargin=\dimen126
\captionmargin@=\dimen127
\captionwidth=\dimen128
\caption@tempdima=\dimen129
\caption@indent=\dimen130
\caption@parindent=\dimen131
\caption@hangindent=\dimen132
)
\c@caption@flags=\count111
\c@ContinuedFloat=\count112
Package caption Info: listings package is loaded.
)
(/usr/local/texlive/2018/texmf-dist/tex/latex/caption/subcaption.sty
Package: subcaption 2018/05/01 v1.1-162 Sub-captions (AR)
\c@subfigure=\count113
\c@subtable=\count114
)
(/usr/local/texlive/2018/texmf-dist/tex/latex/listings/lstlang1.sty
File: lstlang1.sty 2018/09/02 1.7 listings language file
)
(/usr/local/texlive/2018/texmf-dist/tex/latex/listings/lstlang1.sty
File: lstlang1.sty 2018/09/02 1.7 listings language file
)
(./main.aux)
\openout1 = `main.aux'.

LaTeX Font Info:    Checking defaults for OML/cmm/m/it on input line 52.
LaTeX Font Info:    ... okay on input line 52.
LaTeX Font Info:    Checking defaults for T1/cmr/m/n on input line 52.
LaTeX Font Info:    ... okay on input line 52.
LaTeX Font Info:    Checking defaults for OT1/cmr/m/n on input line 52.
LaTeX Font Info:    ... okay on input line 52.
LaTeX Font Info:    Checking defaults for OMS/cmsy/m/n on input line 52.
LaTeX Font Info:    ... okay on input line 52.
LaTeX Font Info:    Checking defaults for OMX/cmex/m/n on input line 52.
LaTeX Font Info:    ... okay on input line 52.
LaTeX Font Info:    Checking defaults for U/cmr/m/n on input line 52.
LaTeX Font Info:    ... okay on input line 52.

*geometry* driver: auto-detecting
*geometry* detected driver: pdftex
*geometry* verbose mode - [ preamble ] result:
* driver: pdftex
* paper: <default>
* layout: <same size as paper>
* layoutoffset:(h,v)=(0.0pt,0.0pt)
* modes: 
* h-part:(L,W,R)=(57.81621pt, 498.66258pt, 57.81621pt)
* v-part:(T,H,B)=(57.81621pt, 646.81628pt, 90.3375pt)
* \paperwidth=614.295pt
* \paperheight=794.96999pt
* \textwidth=498.66258pt
* \textheight=646.81628pt
* \oddsidemargin=-14.45378pt
* \evensidemargin=-14.45378pt
* \topmargin=-51.45378pt
* \headheight=12.0pt
* \headsep=25.0pt
* \topskip=10.0pt
* \footskip=30.0pt
* \marginparwidth=4.0pt
* \marginparsep=10.0pt
* \columnsep=28.90755pt
* \skip\footins=9.0pt plus 4.0pt minus 2.0pt
* \hoffset=0.0pt
* \voffset=0.0pt
* \mag=1000
* \@twocolumntrue
* \@twosidefalse
* \@mparswitchfalse
* \@reversemarginfalse
* (1in=72.27pt=25.4mm, 1cm=28.453pt)

\c@lstlisting=\count115
(/usr/local/texlive/2018/texmf-dist/tex/context/base/mkii/supp-pdf.mkii
[Loading MPS to PDF converter (version 2006.09.02).]
\scratchcounter=\count116
\scratchdimen=\dimen133
\scratchbox=\box30
\nofMPsegments=\count117
\nofMParguments=\count118
\everyMPshowfont=\toks22
\MPscratchCnt=\count119
\MPscratchDim=\dimen134
\MPnumerator=\count120
\makeMPintoPDFobject=\count121
\everyMPtoPDFconversion=\toks23
) (/usr/local/texlive/2018/texmf-dist/tex/latex/oberdiek/epstopdf-base.sty
Package: epstopdf-base 2016/05/15 v2.6 Base part for package epstopdf

(/usr/local/texlive/2018/texmf-dist/tex/generic/oberdiek/infwarerr.sty
Package: infwarerr 2016/05/16 v1.4 Providing info/warning/error messages (HO)
)
(/usr/local/texlive/2018/texmf-dist/tex/latex/oberdiek/grfext.sty
Package: grfext 2016/05/16 v1.2 Manage graphics extensions (HO)

(/usr/local/texlive/2018/texmf-dist/tex/generic/oberdiek/kvdefinekeys.sty
Package: kvdefinekeys 2016/05/16 v1.4 Define keys (HO)

(/usr/local/texlive/2018/texmf-dist/tex/generic/oberdiek/ltxcmds.sty
Package: ltxcmds 2016/05/16 v1.23 LaTeX kernel commands for general use (HO)
)))
(/usr/local/texlive/2018/texmf-dist/tex/latex/oberdiek/kvoptions.sty
Package: kvoptions 2016/05/16 v3.12 Key value format for package options (HO)

(/usr/local/texlive/2018/texmf-dist/tex/generic/oberdiek/kvsetkeys.sty
Package: kvsetkeys 2016/05/16 v1.17 Key value parser (HO)

(/usr/local/texlive/2018/texmf-dist/tex/generic/oberdiek/etexcmds.sty
Package: etexcmds 2016/05/16 v1.6 Avoid name clashes with e-TeX commands (HO)

(/usr/local/texlive/2018/texmf-dist/tex/generic/oberdiek/ifluatex.sty
Package: ifluatex 2016/05/16 v1.4 Provides the ifluatex switch (HO)
Package ifluatex Info: LuaTeX not detected.
)
Package etexcmds Info: Could not find \expanded.
(etexcmds)             That can mean that you are not using pdfTeX 1.50 or
(etexcmds)             that some package has redefined \expanded.
(etexcmds)             In the latter case, load this package earlier.
)))
(/usr/local/texlive/2018/texmf-dist/tex/generic/oberdiek/pdftexcmds.sty
Package: pdftexcmds 2018/01/30 v0.27 Utility functions of pdfTeX for LuaTeX (HO
)
Package pdftexcmds Info: LuaTeX not detected.
Package pdftexcmds Info: \pdf@primitive is available.
Package pdftexcmds Info: \pdf@ifprimitive is available.
Package pdftexcmds Info: \pdfdraftmode found.
)
Package epstopdf-base Info: Redefining graphics rule for `.eps' on input line 4
38.
Package grfext Info: Graphics extension search list:
(grfext)             [.pdf,.png,.jpg,.mps,.jpeg,.jbig2,.jb2,.PDF,.PNG,.JPG,.JPE
G,.JBIG2,.JB2,.eps]
(grfext)             \AppendGraphicsExtensions on input line 456.

(/usr/local/texlive/2018/texmf-dist/tex/latex/latexconfig/epstopdf-sys.cfg
File: epstopdf-sys.cfg 2010/07/13 v1.3 Configuration of (r)epstopdf for TeX Liv
e
))
Package caption Info: Begin \AtBeginDocument code.
Package caption Info: End \AtBeginDocument code.
LaTeX Font Info:    Try loading font information for U+msa on input line 53.

(/usr/local/texlive/2018/texmf-dist/tex/latex/amsfonts/umsa.fd
File: umsa.fd 2013/01/14 v3.01 AMS symbols A
)
LaTeX Font Info:    Try loading font information for U+msb on input line 53.

(/usr/local/texlive/2018/texmf-dist/tex/latex/amsfonts/umsb.fd
File: umsb.fd 2013/01/14 v3.01 AMS symbols B
)
Underfull \hbox (badness 5681) in paragraph at lines 63--64
\OT1/cmr/m/n/10 We frame the CAPTCHA-breaking task as a
 []

<text_based_captcha.PNG, id=1, 302.63063pt x 218.8175pt>
File: text_based_captcha.PNG Graphic file (type png)
<use text_based_captcha.PNG>
Package pdftex.def Info: text_based_captcha.PNG  used on input line 67.
(pdftex.def)             Requested size: 498.66258pt x 360.5625pt.

Underfull \vbox (badness 10000) has occurred while \output is active []

 [1{/usr/local/texlive/2018/texmf-var/fonts/map/pdftex/updmap/pdftex.map}


] [2 <./text_based_captcha.PNG>]
LaTeX Font Info:    Try loading font information for OMS+cmr on input line 83.
 (/usr/local/texlive/2018/texmf-dist/tex/latex/base/omscmr.fd
File: omscmr.fd 2014/09/29 v2.5h Standard LaTeX font definitions
)
LaTeX Font Info:    Font shape `OMS/cmr/m/n' in size <10> not available
(Font)              Font shape `OMS/cmsy/m/n' tried instead on input line 83.
<8908_X4F2.png, id=20, 200.75pt x 75.28125pt>
File: 8908_X4F2.png Graphic file (type png)
<use 8908_X4F2.png>
Package pdftex.def Info: 8908_X4F2.png  used on input line 92.
(pdftex.def)             Requested size: 37.57925pt x 14.09221pt.
<noiseless.png, id=21, 117.43875pt x 51.19125pt>
File: noiseless.png Graphic file (type png)
<use noiseless.png>
Package pdftex.def Info: noiseless.png  used on input line 97.
(pdftex.def)             Requested size: 46.97478pt x 20.47612pt.

Underfull \hbox (badness 3482) in paragraph at lines 105--105
[]\OT1/cmr/bx/n/12 Learning la-bels from Syn-thetic
 []


Underfull \hbox (badness 10000) in paragraph at lines 106--109

 []

<bw.PNG, id=22, 72.27pt x 24.09pt>
File: bw.PNG Graphic file (type png)
<use bw.PNG>
Package pdftex.def Info: bw.PNG  used on input line 115.
(pdftex.def)             Requested size: 46.97478pt x 15.6583pt.
<synthbw.png, id=23, 72.27pt x 24.09pt>
File: synthbw.png Graphic file (type png)
<use synthbw.png>
Package pdftex.def Info: synthbw.png  used on input line 121.
(pdftex.def)             Requested size: 46.97478pt x 15.6583pt.
[3 <./8908_X4F2.png (PNG copy)> <./noiseless.PNG> <./bw.png (PNG copy)> <./synt
hbw.png (PNG copy)>]
Underfull \hbox (badness 4144) in paragraph at lines 155--156
\OT1/cmr/m/n/10 Our fi-nal com-bined dataset con-sists of $50\OML/cmm/m/it/10 ;
 \OT1/cmr/m/n/10 000$
 []


Overfull \hbox (2.59503pt too wide) in paragraph at lines 157--166
 [] 
 []

<samples.png, id=31, 655.95062pt x 759.33687pt>
File: samples.png Graphic file (type png)
<use samples.png>
Package pdftex.def Info: samples.png  used on input line 170.
(pdftex.def)             Requested size: 498.66258pt x 577.26422pt.
<color_chars.png, id=32, 356.33125pt x 239.89626pt>
File: color_chars.png Graphic file (type png)
<use color_chars.png>
Package pdftex.def Info: color_chars.png  used on input line 182.
(pdftex.def)             Requested size: 234.87752pt x 158.12701pt.
<sutd_chars.png, id=33, 355.3275pt x 239.89626pt>
File: sutd_chars.png Graphic file (type png)
<use sutd_chars.png>
Package pdftex.def Info: sutd_chars.png  used on input line 183.
(pdftex.def)             Requested size: 234.87752pt x 158.58092pt.
<bw_chars.png, id=34, 355.3275pt x 238.8925pt>
File: bw_chars.png Graphic file (type png)
<use bw_chars.png>
Package pdftex.def Info: bw_chars.png  used on input line 184.
(pdftex.def)             Requested size: 234.87752pt x 157.9174pt.
<sutd_pca.png, id=35, 728.7225pt x 574.145pt>
File: sutd_pca.png Graphic file (type png)
<use sutd_pca.png>
Package pdftex.def Info: sutd_pca.png  used on input line 190.
(pdftex.def)             Requested size: 234.87752pt x 185.05302pt.
<bw_pca.png, id=36, 729.72626pt x 574.145pt>
File: bw_pca.png Graphic file (type png)
<use bw_pca.png>
Package pdftex.def Info: bw_pca.png  used on input line 191.
(pdftex.def)             Requested size: 234.87752pt x 184.79897pt.
<sutd_tsne.png, id=37, 728.7225pt x 1104.125pt>
File: sutd_tsne.png Graphic file (type png)
<use sutd_tsne.png>
Package pdftex.def Info: sutd_tsne.png  used on input line 197.
(pdftex.def)             Requested size: 234.87752pt x 355.8712pt.
<bw_tsne.png, id=38, 729.72626pt x 574.145pt>
File: bw_tsne.png Graphic file (type png)
<use bw_tsne.png>
Package pdftex.def Info: bw_tsne.png  used on input line 198.
(pdftex.def)             Requested size: 234.87752pt x 184.79897pt.

Underfull \hbox (badness 6842) in paragraph at lines 208--208
[]\OT1/cmr/bx/n/12 Early at-tempts at al-go-rith-mic
 []

[4] [5 <./samples.png (PNG copy)>] [6 <./color_chars.png> <./sutd_chars.png> <.
/bw_chars.png> <./sutd_pca.png> <./bw_pca.png>]
<0_aWlV8o_original.png, id=53, 200.75pt x 75.28125pt>
File: 0_aWlV8o_original.png Graphic file (type png)
<use 0_aWlV8o_original.png>
Package pdftex.def Info: 0_aWlV8o_original.png  used on input line 233.
(pdftex.def)             Requested size: 46.97478pt x 17.61526pt.
<0_aWlV8o.png, id=54, 200.75pt x 75.28125pt>
File: 0_aWlV8o.png Graphic file (type png)
<use 0_aWlV8o.png>
Package pdftex.def Info: 0_aWlV8o.png  used on input line 238.
(pdftex.def)             Requested size: 46.97478pt x 17.61526pt.
 [7 <./sutd_tsne.png> <./bw_tsne.png>]
<results.PNG, id=61, 1445.4pt x 722.7pt>
File: results.PNG Graphic file (type png)
<use results.PNG>
Package pdftex.def Info: results.PNG  used on input line 258.
(pdftex.def)             Requested size: 498.66258pt x 249.33176pt.
<resultscolor.png, id=62, 903.375pt x 441.65pt>
File: resultscolor.png Graphic file (type png)
<use resultscolor.png>
Package pdftex.def Info: resultscolor.png  used on input line 280.
(pdftex.def)             Requested size: 498.66258pt x 243.79779pt.
<resultsnoiseless.png, id=63, 644.4075pt x 462.72874pt>
File: resultsnoiseless.png Graphic file (type png)
<use resultsnoiseless.png>
Package pdftex.def Info: resultsnoiseless.png  used on input line 287.
(pdftex.def)             Requested size: 398.93158pt x 286.47227pt.
<failurecolor.png, id=64, 735.74875pt x 418.56375pt>
File: failurecolor.png Graphic file (type png)
<use failurecolor.png>
Package pdftex.def Info: failurecolor.png  used on input line 294.
(pdftex.def)             Requested size: 498.66258pt x 283.6935pt.
<unseen.png, id=65, 658.46pt x 468.75125pt>
File: unseen.png Graphic file (type png)
<use unseen.png>
Package pdftex.def Info: unseen.png  used on input line 301.
(pdftex.def)             Requested size: 498.66258pt x 355.00294pt.

Underfull \vbox (badness 1910) has occurred while \output is active []

 [8 <./0_aWlV8o_original.png (PNG copy)> <./0_aWlV8o.png (PNG copy)>] [9 <./res
ults.png> <./resultscolor.png>] [10 <./resultsnoiseless.png> <./failurecolor.pn
g>] [11 <./unseen.png>] (./main.bbl
Underfull \hbox (badness 3229) in paragraph at lines 13--16
\OT1/cmr/m/n/10 A. Zis-ser-man.  Read-ing text in the wild
 []


Underfull \hbox (badness 1400) in paragraph at lines 13--16
\OT1/cmr/m/n/10 with con-vo-lu-tional neu-ral net-works.  \OT1/cmr/m/it/10 CoRR
\OT1/cmr/m/n/10 ,
 []


Underfull \hbox (badness 1675) in paragraph at lines 23--27
[]\OT1/cmr/m/n/10 T. Lin, P. Doll^^Sar, R. B. Gir-shick, K. He,
 []


Underfull \hbox (badness 1173) in paragraph at lines 23--27
\OT1/cmr/m/n/10 B. Har-i-ha-ran, and S. J. Be-longie.  Fea-ture
 []

) [12] (./main.aux) ) 
Here is how much of TeX's memory you used:
 5552 strings out of 494587
 81888 string characters out of 6177424
 338535 words of memory out of 5000000
 9088 multiletter control sequences out of 15000+600000
 13564 words of font info for 53 fonts, out of 8000000 for 9000
 14 hyphenation exceptions out of 8191
 41i,8n,49p,1259b,513s stack positions out of 5000i,500n,10000p,200000b,80000s
</usr/local/texlive/2018/texmf-dist/fonts/type1/public/ams
fonts/cm/cmbx10.pfb></usr/local/texlive/2018/texmf-dist/fonts/type1/public/amsf
onts/cm/cmbx12.pfb></usr/local/texlive/2018/texmf-dist/fonts/type1/public/amsfo
nts/cm/cmmi10.pfb></usr/local/texlive/2018/texmf-dist/fonts/type1/public/amsfon
ts/cm/cmmi7.pfb></usr/local/texlive/2018/texmf-dist/fonts/type1/public/amsfonts
/cm/cmr10.pfb></usr/local/texlive/2018/texmf-dist/fonts/type1/public/amsfonts/c
m/cmr12.pfb></usr/local/texlive/2018/texmf-dist/fonts/type1/public/amsfonts/cm/
cmr17.pfb></usr/local/texlive/2018/texmf-dist/fonts/type1/public/amsfonts/cm/cm
r7.pfb></usr/local/texlive/2018/texmf-dist/fonts/type1/public/amsfonts/cm/cmr9.
pfb></usr/local/texlive/2018/texmf-dist/fonts/type1/public/amsfonts/cm/cmsy10.p
fb></usr/local/texlive/2018/texmf-dist/fonts/type1/public/amsfonts/cm/cmti10.pf
b></usr/local/texlive/2018/texmf-dist/fonts/type1/public/amsfonts/cm/cmtt12.pfb
>
Output written on main.pdf (12 pages, 1916198 bytes).
PDF statistics:
 122 PDF objects out of 1000 (max. 8388607)
 65 compressed objects within 1 object stream
 0 named destinations out of 1000 (max. 500000)
 101 words of extra memory for PDF output out of 10000 (max. 10000000)

